TN:
SF:src/dataService.ts
FN:9,(anonymous_9)
FN:14,(anonymous_10)
FN:27,(anonymous_11)
FN:33,(anonymous_12)
FN:42,(anonymous_13)
FN:46,(anonymous_14)
FN:55,(anonymous_15)
FN:60,(anonymous_16)
FN:78,(anonymous_17)
FN:100,(anonymous_18)
FN:112,(anonymous_19)
FN:125,(anonymous_20)
FN:151,(anonymous_21)
FN:163,(anonymous_22)
FN:178,(anonymous_23)
FN:184,(anonymous_24)
FN:192,(anonymous_25)
FNF:17
FNH:17
FNDA:2,(anonymous_9)
FNDA:2,(anonymous_10)
FNDA:38,(anonymous_11)
FNDA:722,(anonymous_12)
FNDA:19,(anonymous_13)
FNDA:380,(anonymous_14)
FNDA:14,(anonymous_15)
FNDA:280,(anonymous_16)
FNDA:47,(anonymous_17)
FNDA:180,(anonymous_18)
FNDA:73,(anonymous_19)
FNDA:18,(anonymous_20)
FNDA:7,(anonymous_21)
FNDA:7,(anonymous_22)
FNDA:5,(anonymous_23)
FNDA:35,(anonymous_24)
FNDA:1,(anonymous_25)
DA:2,2
DA:3,2
DA:7,2
DA:10,2
DA:11,2
DA:15,2
DA:17,2
DA:18,2
DA:19,2
DA:20,2
DA:22,0
DA:23,0
DA:28,38
DA:29,38
DA:30,38
DA:33,722
DA:35,38
DA:37,0
DA:38,0
DA:43,19
DA:44,19
DA:45,19
DA:46,380
DA:47,19
DA:49,0
DA:50,0
DA:56,14
DA:57,14
DA:58,14
DA:60,280
DA:61,14
DA:62,0
DA:66,14
DA:69,14
DA:71,14
DA:73,0
DA:74,0
DA:79,47
DA:80,47
DA:83,47
DA:84,38
DA:85,38
DA:95,9
DA:96,9
DA:97,9
DA:100,9
DA:102,180
DA:103,80
DA:107,100
DA:108,21
DA:112,79
DA:113,30
DA:117,49
DA:118,23
DA:121,26
DA:125,18
DA:128,9
DA:129,9
DA:130,9
DA:132,9
DA:140,0
DA:141,0
DA:152,7
DA:153,7
DA:154,1
DA:157,6
DA:158,6
DA:160,6
DA:164,7
DA:165,7
DA:166,1
DA:169,6
DA:170,4
DA:171,4
DA:172,4
DA:175,2
DA:179,5
DA:180,5
DA:181,1
DA:184,35
DA:185,4
DA:187,4
DA:193,1
DA:199,2
LF:84
LH:73
BRDA:27,0,0,0
BRDA:27,1,0,0
BRDA:47,2,0,19
BRDA:47,2,1,3
BRDA:61,3,0,0
BRDA:78,4,0,0
BRDA:79,5,0,47
BRDA:79,5,1,11
BRDA:80,6,0,47
BRDA:80,6,1,40
BRDA:83,7,0,38
BRDA:83,8,0,47
BRDA:83,8,1,42
BRDA:83,8,2,41
BRDA:83,8,3,39
BRDA:102,9,0,80
BRDA:102,10,0,180
BRDA:102,10,1,100
BRDA:107,11,0,21
BRDA:107,12,0,100
BRDA:107,12,1,28
BRDA:112,13,0,30
BRDA:112,14,0,79
BRDA:112,14,1,40
BRDA:117,15,0,23
BRDA:117,16,0,49
BRDA:117,16,1,24
BRDA:153,17,0,1
BRDA:160,18,0,6
BRDA:160,18,1,0
BRDA:165,19,0,1
BRDA:169,20,0,4
BRDA:172,21,0,4
BRDA:172,21,1,0
BRDA:180,22,0,1
BRDA:187,23,0,4
BRDA:187,23,1,0
BRF:37
BRH:30
end_of_record
TN:
SF:src/index.ts
FN:20,(anonymous_1)
FN:26,(anonymous_2)
FN:30,(anonymous_3)
FNF:3
FNH:0
FNDA:0,(anonymous_1)
FNDA:0,(anonymous_2)
FNDA:0,(anonymous_3)
DA:1,0
DA:2,0
DA:3,0
DA:4,0
DA:6,0
DA:7,0
DA:10,0
DA:11,0
DA:14,0
DA:17,0
DA:20,0
DA:21,0
DA:22,0
DA:26,0
DA:27,0
DA:30,0
DA:31,0
DA:32,0
DA:33,0
LF:19
LH:0
BRDA:7,0,0,0
BRDA:7,0,1,0
BRF:2
BRH:0
end_of_record
TN:
SF:src/controllers/healthController.ts
FN:8,(anonymous_0)
FNF:1
FNH:1
FNDA:1,(anonymous_0)
DA:2,2
DA:4,2
DA:9,1
DA:10,1
LF:4
LH:4
BRF:0
BRH:0
end_of_record
TN:
SF:src/controllers/postsController.ts
FN:9,(anonymous_0)
FN:31,(anonymous_1)
FN:65,(anonymous_2)
FN:94,(anonymous_3)
FNF:4
FNH:4
FNDA:47,(anonymous_0)
FNDA:9,(anonymous_1)
FNDA:10,(anonymous_2)
FNDA:5,(anonymous_3)
DA:2,2
DA:5,2
DA:10,47
DA:11,47
DA:20,47
DA:21,47
DA:23,0
DA:24,0
DA:32,9
DA:33,9
DA:34,9
DA:37,9
DA:38,1
DA:39,1
DA:42,8
DA:43,1
DA:46,1
DA:49,7
DA:50,7
DA:51,1
DA:52,1
DA:55,6
DA:57,0
DA:58,0
DA:66,10
DA:67,10
DA:68,10
DA:71,10
DA:72,3
DA:75,3
DA:78,7
DA:79,7
DA:80,1
DA:81,1
DA:84,6
DA:86,0
DA:87,0
DA:95,5
DA:96,5
DA:97,5
DA:99,5
DA:100,5
DA:101,1
DA:102,1
DA:105,4
DA:107,0
DA:108,0
LF:47
LH:39
BRDA:16,0,0,40
BRDA:16,0,1,7
BRDA:17,1,0,17
BRDA:17,1,1,30
BRDA:37,2,0,1
BRDA:42,3,0,1
BRDA:50,4,0,1
BRDA:71,5,0,3
BRDA:71,6,0,10
BRDA:71,6,1,8
BRDA:71,6,2,7
BRDA:79,7,0,1
BRDA:100,8,0,1
BRF:13
BRH:13
end_of_record
TN:
SF:src/routes/posts.ts
FNF:0
FNH:0
DA:1,2
DA:2,2
DA:4,2
DA:7,2
DA:10,2
DA:13,2
DA:16,2
DA:18,2
LF:8
LH:8
BRF:0
BRH:0
end_of_record
